<?xml version="1.0" encoding="UTF-8"?>
<!-- Generated by org.testng.reporters.JUnitReportReporter -->
<testsuite hostname="Irenes-MacBook-Pro.local" failures="0" tests="1" name="MobileAutomation.MobileTestingAppium.AppiumBasics" time="14.190" errors="0" timestamp="2023-10-26T17:32:47 IST" skipped="0">
  <testcase classname="MobileAutomation.MobileTestingAppium.AppiumBasics" name="AppiumTest" time="14.190"/>
</testsuite> <!-- MobileAutomation.MobileTestingAppium.AppiumBasics -->
